<?xml version="1.0" encoding="UTF-8"?>
<!-- Generated by org.testng.reporters.JUnitReportReporter -->
<testsuite hostname="INBook_X1" failures="0" tests="3" name="testNG3.NopCommerceTest" time="3.200" errors="0" timestamp="2023-04-07T23:40:33 IST" skipped="0">
  <testcase classname="testNG3.NopCommerceTest" name="Testlogo" time="0.064"/>
  <system-out/>
  <testcase classname="testNG3.NopCommerceTest" name="login" time="2.005"/>
  <system-out/>
  <testcase classname="testNG3.NopCommerceTest" name="logout" time="1.131"/>
  <system-out/>
</testsuite> <!-- testNG3.NopCommerceTest -->
