<?xml version="1.0" encoding="UTF-8"?>
<!-- Generated by org.testng.reporters.JUnitReportReporter -->
<testsuite hostname="INBook_X1" failures="0" tests="3" name="testNG.FirstTest" time="0.024" errors="0" timestamp="2023-04-15T10:57:55 IST" skipped="0">
  <testcase classname="testNG.FirstTest" name="openapp" time="0.021"/>
  <system-out/>
  <testcase classname="testNG.FirstTest" name="loginapp" time="0.001"/>
  <system-out/>
  <testcase classname="testNG.FirstTest" name="logoutapp" time="0.002"/>
  <system-out/>
</testsuite> <!-- testNG.FirstTest -->
