<?xml version="1.0" encoding="UTF-8"?>
<!-- Generated by org.testng.reporters.JUnitReportReporter -->
<testsuite hostname="INBook_X1" failures="0" tests="1" name="testNG.HardVsSoftassertions" time="0.014" errors="0" timestamp="2023-04-23T20:15:11 IST" skipped="0">
  <testcase classname="testNG.HardVsSoftassertions" name="test_softassertions" time="0.014"/>
  <system-out/>
</testsuite> <!-- testNG.HardVsSoftassertions -->
