<?xml version="1.0" encoding="UTF-8"?>
<!-- Generated by org.testng.reporters.JUnitReportReporter -->
<testsuite hostname="INBook_X1" failures="0" tests="3" name="TestNG.SecondTest" time="11.407" errors="0" timestamp="2023-03-29T23:43:02 IST" skipped="0">
  <testcase classname="TestNG.SecondTest" name="Urlopen" time="7.213"/>
  <system-out/>
  <testcase classname="TestNG.SecondTest" name="Applogin" time="1.972"/>
  <system-out/>
  <testcase classname="TestNG.SecondTest" name="Applogout" time="2.222"/>
  <system-out/>
</testsuite> <!-- TestNG.SecondTest -->
