<?xml version="1.0" encoding="UTF-8"?>
<!-- Generated by org.testng.reporters.JUnitReportReporter -->
<testsuite hostname="INBook_X1" failures="0" tests="4" name="testNG2.Paralleltestdemo" time="0.190" errors="0" timestamp="2023-04-02T11:07:10 IST" skipped="0">
  <testcase classname="testNG2.Paralleltestdemo" name="Testlogo" time="0.067"/>
  <system-out/>
  <testcase classname="testNG2.Paralleltestdemo" name="Testlogo" time="0.088"/>
  <system-out/>
  <testcase classname="testNG2.Paralleltestdemo" name="Testhomepagetitle" time="0.017"/>
  <system-out/>
  <testcase classname="testNG2.Paralleltestdemo" name="Testhomepagetitle" time="0.018"/>
  <system-out/>
</testsuite> <!-- testNG2.Paralleltestdemo -->
