<?xml version="1.0" encoding="UTF-8"?>
<!-- Generated by org.testng.reporters.JUnitReportReporter -->
<testsuite hostname="INBook_X1" failures="0" tests="2" name="testNG.AnnotationsDemo2" time="0.009" errors="0" timestamp="2023-03-31T16:13:52 IST" skipped="0">
  <testcase classname="testNG.AnnotationsDemo2" name="Search" time="0.005"/>
  <system-out/>
  <testcase classname="testNG.AnnotationsDemo2" name="AdvancedSearch" time="0.004"/>
  <system-out/>
</testsuite> <!-- testNG.AnnotationsDemo2 -->
