<?xml version="1.0" encoding="UTF-8"?>
<!-- Generated by org.testng.reporters.JUnitReportReporter -->
<testsuite hostname="INBook_X1" failures="0" tests="2" name="testNG.AllAnotations" time="0.011" errors="0" timestamp="2023-04-01T09:46:24 IST" skipped="0">
  <testcase classname="testNG.AllAnotations" name="Test1" time="0.008"/>
  <system-out/>
  <testcase classname="testNG.AllAnotations" name="Test2" time="0.003"/>
  <system-out/>
</testsuite> <!-- testNG.AllAnotations -->
