<?xml version="1.0" encoding="UTF-8"?>
<!-- Generated by org.testng.reporters.JUnitReportReporter -->
<testsuite hostname="INBook_X1" failures="0" tests="1" name="test1.Testclass" time="0.167" errors="0" timestamp="2023-04-10T17:34:33 IST" skipped="0">
  <testcase classname="test1.Testclass" name="testmethod" time="0.167"/>
  <system-out/>
</testsuite> <!-- test1.Testclass -->
