<?xml version="1.0" encoding="UTF-8"?>
<!-- Generated by org.testng.reporters.JUnitReportReporter -->
<testsuite hostname="INBook_X1" failures="0" tests="3" name="testNG.Grouping" time="0.012" errors="0" timestamp="2023-04-01T15:02:03 IST" skipped="0">
  <testcase classname="testNG.Grouping" name="signupbyfacebook" time="0.008"/>
  <system-out/>
  <testcase classname="testNG.Grouping" name="signupbytwitter" time="0.002"/>
  <system-out/>
  <testcase classname="testNG.Grouping" name="paymentReturnbyBank" time="0.002"/>
  <system-out/>
</testsuite> <!-- testNG.Grouping -->
