<?xml version="1.0" encoding="UTF-8"?>
<!-- Generated by org.testng.reporters.JUnitReportReporter -->
<testsuite hostname="INBook_X1" failures="0" tests="10" name="testNG.InvocationCountDemo" time="0.020" errors="0" timestamp="2023-04-01T21:54:33 IST" skipped="0">
  <testcase classname="testNG.InvocationCountDemo" name="test" time="0.001"/>
  <system-out/>
  <testcase classname="testNG.InvocationCountDemo" name="test" time="0.001"/>
  <system-out/>
  <testcase classname="testNG.InvocationCountDemo" name="test" time="0.001"/>
  <system-out/>
  <testcase classname="testNG.InvocationCountDemo" name="test" time="0.002"/>
  <system-out/>
  <testcase classname="testNG.InvocationCountDemo" name="test" time="0.009"/>
  <system-out/>
  <testcase classname="testNG.InvocationCountDemo" name="test" time="0.001"/>
  <system-out/>
  <testcase classname="testNG.InvocationCountDemo" name="test" time="0.001"/>
  <system-out/>
  <testcase classname="testNG.InvocationCountDemo" name="test" time="0.002"/>
  <system-out/>
  <testcase classname="testNG.InvocationCountDemo" name="test" time="0.001"/>
  <system-out/>
  <testcase classname="testNG.InvocationCountDemo" name="test" time="0.001"/>
  <system-out/>
</testsuite> <!-- testNG.InvocationCountDemo -->
