<?xml version="1.0" encoding="UTF-8"?>
<!-- Generated by org.testng.reporters.JUnitReportReporter -->
<testsuite hostname="INBook_X1" failures="0" tests="2" name="testNG1.Class2" time="0.004" errors="0" timestamp="2023-03-31T19:26:17 IST" skipped="0">
  <testcase classname="testNG1.Class2" name="xyz" time="0.002"/>
  <system-out/>
  <testcase classname="testNG1.Class2" name="xyz" time="0.002"/>
  <system-out/>
</testsuite> <!-- testNG1.Class2 -->
