<?xml version="1.0" encoding="UTF-8"?>
<!-- Generated by org.testng.reporters.JUnitReportReporter -->
<testsuite hostname="INBook_X1" failures="0" tests="2" name="testNG.AnnotationsDemo1" time="0.012" errors="0" timestamp="2023-03-31T15:38:58 IST" skipped="0">
  <testcase classname="testNG.AnnotationsDemo1" name="Search" time="0.011"/>
  <system-out/>
  <testcase classname="testNG.AnnotationsDemo1" name="AdvancedSearch" time="0.001"/>
  <system-out/>
</testsuite> <!-- testNG.AnnotationsDemo1 -->
