<?xml version="1.0" encoding="UTF-8"?>
<!-- Generated by org.testng.reporters.JUnitReportReporter -->
<testsuite hostname="INBook_X1" failures="0" tests="2" name="testNG.Paralleltestdemo" time="0.097" errors="0" timestamp="2023-04-02T10:02:34 IST" skipped="0">
  <testcase classname="testNG.Paralleltestdemo" name="Testlogo" time="0.097"/>
  <system-out/>
  <testcase classname="testNG.Paralleltestdemo" name="Testhomepagetitle" time="0.000"/>
  <system-out/>
</testsuite> <!-- testNG.Paralleltestdemo -->
